Base path: 'D:/Unity2019.2.18/Editor/Data', plugins path 'D:/Unity2019.2.18/Editor/Data/PlaybackEngines'
Cmd: initializeCompiler
Cmd: compileComputeKernel
  api=4 insize=2549 outsize=869 ok=1
Cmd: compileComputeKernel
  api=4 insize=15603 outsize=33379 ok=1
Cmd: compileComputeKernel
  api=4 insize=15603 outsize=63366 ok=1
Cmd: compileComputeKernel
  api=4 insize=15603 outsize=36140 ok=1
Cmd: compileComputeKernel
  api=4 insize=15603 outsize=42889 ok=1
Cmd: compileComputeKernel
  api=4 insize=15603 outsize=74855 ok=1
Cmd: compileComputeKernel
  api=4 insize=15603 outsize=33824 ok=1
Cmd: compileComputeKernel
  api=4 insize=15603 outsize=33829 ok=1
Cmd: compileComputeKernel
  api=4 insize=15603 outsize=57833 ok=1
Cmd: compileComputeKernel
  api=4 insize=25750 outsize=15619 ok=1
Cmd: compileComputeKernel
  api=4 insize=1326 outsize=620 ok=1
Cmd: compileComputeKernel
  api=4 insize=9347 outsize=7851 ok=1
Cmd: compileComputeKernel
  api=4 insize=9347 outsize=9146 ok=1
Cmd: compileComputeKernel
  api=4 insize=9461 outsize=3350 ok=1
Cmd: compileComputeKernel
  api=4 insize=4025 outsize=645 ok=1
Cmd: compileComputeKernel
  api=4 insize=11912 outsize=953 ok=1
Cmd: compileComputeKernel
  api=4 insize=7423 outsize=6586 ok=1
Cmd: compileComputeKernel
  api=4 insize=21554 outsize=14612 ok=1
Cmd: compileComputeKernel
  api=4 insize=7247 outsize=7203 ok=1
Cmd: compileComputeKernel
  api=4 insize=20668 outsize=27771 ok=1
Cmd: compileComputeKernel
  api=4 insize=36515 outsize=37474 ok=1
Cmd: compileComputeKernel
  api=4 insize=36515 outsize=37474 ok=1
Cmd: compileComputeKernel
  api=4 insize=5065 outsize=4889 ok=1
Cmd: compileComputeKernel
  api=4 insize=15717 outsize=3063 ok=1
Cmd: compileComputeKernel
  api=4 insize=8970 outsize=4890 ok=1
Cmd: compileComputeKernel
  api=4 insize=3043 outsize=2756 ok=1
Cmd: compileComputeKernel
  api=4 insize=9814 outsize=3581 ok=1
Cmd: compileComputeKernel
  api=4 insize=7700 outsize=4491 ok=1
Cmd: compileComputeKernel
  api=4 insize=17632 outsize=635 ok=1
Cmd: compileComputeKernel
  api=4 insize=19711 outsize=445 ok=1
Cmd: compileSnippet
  api=4 type=1 insize=6670 outsize=142 kw=_NORMALMAP_TANGENT_SPACE pd=UNITY_ENABLE_REFLECTION_BUFFERS UNITY_USE_DITHER_MASK_FOR_ALPHABLENDED_SHADOWS UNITY_PBS_USE_BRDF1 UNITY_SPECCUBE_BOX_PROJECTION UNITY_SPECCUBE_BLENDING UNITY_ENABLE_DETAIL_NORMALMAP SHADER_API_DESKTOP UNITY_LIGHT_PROBE_PROXY_VOLUME UNITY_LIGHTMAP_FULL_HDR ok=1
