Base path: 'D:/Unity2019.2.18/Editor/Data', plugins path 'D:/Unity2019.2.18/Editor/Data/PlaybackEngines'
Cmd: initializeCompiler
Cmd: compileComputeKernel
  api=4 insize=18610 outsize=4952 ok=1
Cmd: compileComputeKernel
  api=4 insize=15603 outsize=13998 ok=1
Cmd: compileComputeKernel
  api=4 insize=15603 outsize=46175 ok=1
Cmd: compileComputeKernel
  api=4 insize=15603 outsize=32155 ok=1
Cmd: compileComputeKernel
  api=4 insize=15603 outsize=75130 ok=1
Cmd: compileComputeKernel
  api=4 insize=15603 outsize=35776 ok=1
Cmd: compileComputeKernel
  api=4 insize=15603 outsize=42637 ok=1
Cmd: compileComputeKernel
  api=4 insize=15603 outsize=65847 ok=1
Cmd: compileComputeKernel
  api=4 insize=15603 outsize=34753 ok=1
Cmd: compileComputeKernel
  api=4 insize=15603 outsize=33961 ok=1
Cmd: compileComputeKernel
  api=4 insize=25750 outsize=15695 ok=1
Cmd: compileComputeKernel
  api=4 insize=3797 outsize=1613 ok=1
Cmd: compileComputeKernel
  api=4 insize=9347 outsize=9139 ok=1
Cmd: compileComputeKernel
  api=4 insize=11383 outsize=9534 ok=1
Cmd: compileComputeKernel
  api=4 insize=4918 outsize=2350 ok=1
Cmd: compileComputeKernel
  api=4 insize=12268 outsize=9897 ok=1
Cmd: compileComputeKernel
  api=4 insize=13624 outsize=2094 ok=1
Cmd: compileComputeKernel
  api=4 insize=21554 outsize=15324 ok=1
Cmd: compileComputeKernel
  api=4 insize=8644 outsize=660 ok=1
Cmd: compileComputeKernel
  api=4 insize=7918 outsize=5629 ok=1
Cmd: compileComputeKernel
  api=4 insize=1580 outsize=16101 ok=1
Cmd: compileComputeKernel
  api=4 insize=36515 outsize=36696 ok=1
Cmd: compileComputeKernel
  api=4 insize=36515 outsize=36696 ok=1
Cmd: compileComputeKernel
  api=4 insize=5065 outsize=1174 ok=1
Cmd: compileComputeKernel
  api=4 insize=5065 outsize=898 ok=1
Cmd: compileComputeKernel
  api=4 insize=824 outsize=330 ok=1
Cmd: compileComputeKernel
  api=4 insize=7700 outsize=5715 ok=1
Cmd: compileComputeKernel
  api=4 insize=3918 outsize=2830 ok=1
Cmd: compileComputeKernel
  api=4 insize=17632 outsize=5562 ok=1
Cmd: compileSnippet
  api=4 type=0 insize=6670 outsize=810 kw=_NORMALMAP_TANGENT_SPACE _NORMALMAP _MASKMAP pd=UNITY_ENABLE_REFLECTION_BUFFERS UNITY_USE_DITHER_MASK_FOR_ALPHABLENDED_SHADOWS UNITY_PBS_USE_BRDF1 UNITY_SPECCUBE_BOX_PROJECTION UNITY_SPECCUBE_BLENDING UNITY_ENABLE_DETAIL_NORMALMAP SHADER_API_DESKTOP UNITY_LIGHT_PROBE_PROXY_VOLUME UNITY_LIGHTMAP_FULL_HDR ok=1
Cmd: compileSnippet
  api=4 type=1 insize=7138 outsize=6678 kw=LIGHTMAP_ON DIRLIGHTMAP_COMBINED DECALS_3RT _NORMALMAP_TANGENT_SPACE _NORMALMAP _MASKMAP pd=UNITY_ENABLE_REFLECTION_BUFFERS UNITY_USE_DITHER_MASK_FOR_ALPHABLENDED_SHADOWS UNITY_PBS_USE_BRDF1 UNITY_SPECCUBE_BOX_PROJECTION UNITY_SPECCUBE_BLENDING UNITY_ENABLE_DETAIL_NORMALMAP SHADER_API_DESKTOP UNITY_LIGHT_PROBE_PROXY_VOLUME UNITY_LIGHTMAP_FULL_HDR ok=1
