Base path: 'D:/Unity2019.2.18/Editor/Data', plugins path 'D:/Unity2019.2.18/Editor/Data/PlaybackEngines'
Cmd: initializeCompiler
Cmd: compileComputeKernel
  api=4 insize=15603 outsize=116548 ok=1
Cmd: compileComputeKernel
  api=4 insize=15603 outsize=95624 ok=1
Cmd: compileComputeKernel
  api=4 insize=15603 outsize=50829 ok=1
Cmd: compileComputeKernel
  api=4 insize=25750 outsize=15193 ok=1
Cmd: compileComputeKernel
  api=4 insize=9347 outsize=12677 ok=1
Cmd: compileComputeKernel
  api=4 insize=9461 outsize=3340 ok=1
Cmd: compileComputeKernel
  api=4 insize=4918 outsize=2417 ok=1
Cmd: compileComputeKernel
  api=4 insize=3257 outsize=2371 ok=1
Cmd: compileComputeKernel
  api=4 insize=1940 outsize=1220 ok=1
Cmd: compileComputeKernel
  api=4 insize=13624 outsize=2204 ok=1
Cmd: compileComputeKernel
  api=4 insize=2643 outsize=1197 ok=1
Cmd: compileComputeKernel
  api=4 insize=21554 outsize=15798 ok=1
Cmd: compileComputeKernel
  api=4 insize=8644 outsize=4857 ok=1
Cmd: compileComputeKernel
  api=4 insize=2905 outsize=1860 ok=1
Cmd: compileComputeKernel
  api=4 insize=3022 outsize=2047 ok=1
Cmd: compileComputeKernel
  api=4 insize=7918 outsize=695 ok=1
Cmd: compileComputeKernel
  api=4 insize=857 outsize=578 ok=1
Cmd: compileComputeKernel
  api=4 insize=20668 outsize=95086 ok=1
Cmd: compileComputeKernel
  api=4 insize=36515 outsize=35084 ok=1
Cmd: compileComputeKernel
  api=4 insize=36515 outsize=33663 ok=1
Cmd: compileComputeKernel
  api=4 insize=17606 outsize=8154 ok=1
Cmd: compileComputeKernel
  api=4 insize=5065 outsize=3022 ok=1
Cmd: compileComputeKernel
  api=4 insize=2596 outsize=2268 ok=1
Cmd: compileComputeKernel
  api=4 insize=8970 outsize=4969 ok=1
Cmd: compileComputeKernel
  api=4 insize=3043 outsize=551 ok=1
Cmd: compileComputeKernel
  api=4 insize=9814 outsize=4256 ok=1
Cmd: compileComputeKernel
  api=4 insize=7700 outsize=4600 ok=1
Cmd: compileComputeKernel
  api=4 insize=3918 outsize=885 ok=1
Cmd: compileComputeKernel
  api=4 insize=17632 outsize=668 ok=1
Cmd: compileComputeKernel
  api=4 insize=19711 outsize=14761 ok=1
Cmd: compileSnippet
  api=4 type=1 insize=6670 outsize=142 kw=_NORMALMAP_TANGENT_SPACE _MASKMAP pd=UNITY_ENABLE_REFLECTION_BUFFERS UNITY_USE_DITHER_MASK_FOR_ALPHABLENDED_SHADOWS UNITY_PBS_USE_BRDF1 UNITY_SPECCUBE_BOX_PROJECTION UNITY_SPECCUBE_BLENDING UNITY_ENABLE_DETAIL_NORMALMAP SHADER_API_DESKTOP UNITY_LIGHT_PROBE_PROXY_VOLUME UNITY_LIGHTMAP_FULL_HDR ok=1
