Base path: 'D:/Unity2019.2.18/Editor/Data', plugins path 'D:/Unity2019.2.18/Editor/Data/PlaybackEngines'
Cmd: initializeCompiler
Cmd: compileComputeKernel
  api=4 insize=15603 outsize=15253 ok=1
Cmd: compileComputeKernel
  api=4 insize=15603 outsize=29747 ok=1
Cmd: compileComputeKernel
  api=4 insize=15603 outsize=38510 ok=1
Cmd: compileComputeKernel
  api=4 insize=15603 outsize=45420 ok=1
Cmd: compileComputeKernel
  api=4 insize=15603 outsize=32116 ok=1
Cmd: compileComputeKernel
  api=4 insize=15603 outsize=66051 ok=1
Cmd: compileComputeKernel
  api=4 insize=15603 outsize=22344 ok=1
Cmd: compileComputeKernel
  api=4 insize=15603 outsize=42041 ok=1
Cmd: compileComputeKernel
  api=4 insize=15603 outsize=47233 ok=1
Cmd: compileComputeKernel
  api=4 insize=15603 outsize=37641 ok=1
Cmd: compileComputeKernel
  api=4 insize=15603 outsize=77296 ok=1
Cmd: compileComputeKernel
  api=4 insize=25750 outsize=15415 ok=1
Cmd: compileComputeKernel
  api=4 insize=1326 outsize=678 ok=1
Cmd: compileComputeKernel
  api=4 insize=975 outsize=888 ok=1
Cmd: compileComputeKernel
  api=4 insize=9347 outsize=7435 ok=1
Cmd: compileComputeKernel
  api=4 insize=7423 outsize=1128 ok=1
Cmd: compileComputeKernel
  api=4 insize=13624 outsize=3986 ok=1
Cmd: compileComputeKernel
  api=4 insize=21554 outsize=14767 ok=1
Cmd: compileComputeKernel
  api=4 insize=7918 outsize=1857 ok=1
Cmd: compileComputeKernel
  api=4 insize=36515 outsize=36014 ok=1
Cmd: compileComputeKernel
  api=4 insize=36515 outsize=32909 ok=1
Cmd: compileComputeKernel
  api=4 insize=8350 outsize=2942 ok=1
Cmd: compileComputeKernel
  api=4 insize=5065 outsize=1297 ok=1
Cmd: compileComputeKernel
  api=4 insize=7700 outsize=6747 ok=1
Cmd: compileComputeKernel
  api=4 insize=3918 outsize=677 ok=1
Cmd: compileComputeKernel
  api=4 insize=17632 outsize=5369 ok=1
Cmd: compileSnippet
  api=4 type=0 insize=7138 outsize=1670 kw=LIGHTMAP_ON DIRLIGHTMAP_COMBINED DECALS_3RT _NORMALMAP_TANGENT_SPACE _NORMALMAP _MASKMAP pd=UNITY_ENABLE_REFLECTION_BUFFERS UNITY_USE_DITHER_MASK_FOR_ALPHABLENDED_SHADOWS UNITY_PBS_USE_BRDF1 UNITY_SPECCUBE_BOX_PROJECTION UNITY_SPECCUBE_BLENDING UNITY_ENABLE_DETAIL_NORMALMAP SHADER_API_DESKTOP UNITY_LIGHT_PROBE_PROXY_VOLUME UNITY_LIGHTMAP_FULL_HDR ok=1
