Base path: 'D:/Unity2019.2.18/Editor/Data', plugins path 'D:/Unity2019.2.18/Editor/Data/PlaybackEngines'
Cmd: initializeCompiler
Cmd: compileComputeKernel
  api=4 insize=18610 outsize=8048 ok=1
Cmd: compileComputeKernel
  api=4 insize=15603 outsize=113975 ok=1
Cmd: compileComputeKernel
  api=4 insize=15603 outsize=32144 ok=1
Cmd: compileComputeKernel
  api=4 insize=15603 outsize=15264 ok=1
Cmd: compileComputeKernel
  api=4 insize=15603 outsize=48516 ok=1
Cmd: compileComputeKernel
  api=4 insize=15603 outsize=77767 ok=1
Cmd: compileComputeKernel
  api=4 insize=15603 outsize=44450 ok=1
Cmd: compileComputeKernel
  api=4 insize=25750 outsize=15377 ok=1
Cmd: compileComputeKernel
  api=4 insize=25750 outsize=324 ok=1
Cmd: compileComputeKernel
  api=4 insize=3687 outsize=3172 ok=1
Cmd: compileComputeKernel
  api=4 insize=9347 outsize=7442 ok=1
Cmd: compileComputeKernel
  api=4 insize=9461 outsize=467 ok=1
Cmd: compileComputeKernel
  api=4 insize=7423 outsize=1033 ok=1
Cmd: compileComputeKernel
  api=4 insize=21554 outsize=15241 ok=1
Cmd: compileComputeKernel
  api=4 insize=8644 outsize=813 ok=1
Cmd: compileComputeKernel
  api=4 insize=2905 outsize=1865 ok=1
Cmd: compileComputeKernel
  api=4 insize=3022 outsize=2044 ok=1
Cmd: compileComputeKernel
  api=4 insize=36515 outsize=32909 ok=1
Cmd: compileComputeKernel
  api=4 insize=36515 outsize=32395 ok=1
Cmd: compileComputeKernel
  api=4 insize=17606 outsize=7333 ok=1
Cmd: compileComputeKernel
  api=4 insize=5065 outsize=695 ok=1
Cmd: compileComputeKernel
  api=4 insize=5065 outsize=899 ok=1
Cmd: compileComputeKernel
  api=4 insize=9814 outsize=3652 ok=1
Cmd: compileComputeKernel
  api=4 insize=7700 outsize=7862 ok=1
Cmd: compileComputeKernel
  api=4 insize=17632 outsize=2481 ok=1
Cmd: compileComputeKernel
  api=4 insize=5725 outsize=7136 ok=1
Cmd: compileComputeKernel
  api=4 insize=2510 outsize=756 ok=1
Cmd: compileComputeKernel
  api=4 insize=19711 outsize=2569 ok=1
Cmd: compileSnippet
  api=4 type=0 insize=6670 outsize=810 kw=_NORMALMAP_TANGENT_SPACE pd=UNITY_ENABLE_REFLECTION_BUFFERS UNITY_USE_DITHER_MASK_FOR_ALPHABLENDED_SHADOWS UNITY_PBS_USE_BRDF1 UNITY_SPECCUBE_BOX_PROJECTION UNITY_SPECCUBE_BLENDING UNITY_ENABLE_DETAIL_NORMALMAP SHADER_API_DESKTOP UNITY_LIGHT_PROBE_PROXY_VOLUME UNITY_LIGHTMAP_FULL_HDR ok=1
